Determining if the pthread_create exist failed with the following output:
Change Dir: /home/ravlasov/Documents/computer-graphics/lr5/CMakeFiles/CMakeTmp

Run Build Command:"/usr/bin/make" "cmTC_54bcc/fast"
/usr/bin/make -f CMakeFiles/cmTC_54bcc.dir/build.make CMakeFiles/cmTC_54bcc.dir/build
make[1]: Entering directory '/home/ravlasov/Documents/computer-graphics/lr5/CMakeFiles/CMakeTmp'
Building C object CMakeFiles/cmTC_54bcc.dir/CheckSymbolExists.c.o
/usr/bin/cc    -o CMakeFiles/cmTC_54bcc.dir/CheckSymbolExists.c.o   -c /home/ravlasov/Documents/computer-graphics/lr5/CMakeFiles/CMakeTmp/CheckSymbolExists.c
Linking C executable cmTC_54bcc
/usr/bin/cmake -E cmake_link_script CMakeFiles/cmTC_54bcc.dir/link.txt --verbose=1
/usr/bin/cc      CMakeFiles/cmTC_54bcc.dir/CheckSymbolExists.c.o  -o cmTC_54bcc 
/usr/bin/ld: CMakeFiles/cmTC_54bcc.dir/CheckSymbolExists.c.o: in function `main':
CheckSymbolExists.c:(.text+0x1b): undefined reference to `pthread_create'
collect2: error: ld returned 1 exit status
make[1]: *** [CMakeFiles/cmTC_54bcc.dir/build.make:87: cmTC_54bcc] Error 1
make[1]: Leaving directory '/home/ravlasov/Documents/computer-graphics/lr5/CMakeFiles/CMakeTmp'
make: *** [Makefile:121: cmTC_54bcc/fast] Error 2

File /home/ravlasov/Documents/computer-graphics/lr5/CMakeFiles/CMakeTmp/CheckSymbolExists.c:
/* */
#include <pthread.h>

int main(int argc, char** argv)
{
  (void)argv;
#ifndef pthread_create
  return ((int*)(&pthread_create))[argc];
#else
  (void)argc;
  return 0;
#endif
}

Determining if the function pthread_create exists in the pthreads failed with the following output:
Change Dir: /home/ravlasov/Documents/computer-graphics/lr5/CMakeFiles/CMakeTmp

Run Build Command:"/usr/bin/make" "cmTC_8d477/fast"
/usr/bin/make -f CMakeFiles/cmTC_8d477.dir/build.make CMakeFiles/cmTC_8d477.dir/build
make[1]: Entering directory '/home/ravlasov/Documents/computer-graphics/lr5/CMakeFiles/CMakeTmp'
Building C object CMakeFiles/cmTC_8d477.dir/CheckFunctionExists.c.o
/usr/bin/cc   -DCHECK_FUNCTION_EXISTS=pthread_create   -o CMakeFiles/cmTC_8d477.dir/CheckFunctionExists.c.o   -c /usr/share/cmake-3.13/Modules/CheckFunctionExists.c
Linking C executable cmTC_8d477
/usr/bin/cmake -E cmake_link_script CMakeFiles/cmTC_8d477.dir/link.txt --verbose=1
/usr/bin/cc  -DCHECK_FUNCTION_EXISTS=pthread_create    CMakeFiles/cmTC_8d477.dir/CheckFunctionExists.c.o  -o cmTC_8d477 -lpthreads 
/usr/bin/ld: cannot find -lpthreads
collect2: error: ld returned 1 exit status
make[1]: *** [CMakeFiles/cmTC_8d477.dir/build.make:87: cmTC_8d477] Error 1
make[1]: Leaving directory '/home/ravlasov/Documents/computer-graphics/lr5/CMakeFiles/CMakeTmp'
make: *** [Makefile:121: cmTC_8d477/fast] Error 2


